D:\terry\huarui\demo\Hello_Triangle\Debug\cl.command.1.tlog
D:\terry\huarui\demo\Hello_Triangle\Debug\CL.read.1.tlog
D:\terry\huarui\demo\Hello_Triangle\Debug\CL.write.1.tlog
D:\TERRY\HUARUI\DEMO\HELLO_TRIANGLE\DEBUG\ESSHADER.OBJ
D:\TERRY\HUARUI\DEMO\HELLO_TRIANGLE\DEBUG\ESSHAPES.OBJ
D:\TERRY\HUARUI\DEMO\HELLO_TRIANGLE\DEBUG\ESTRANSFORM.OBJ
D:\TERRY\HUARUI\DEMO\HELLO_TRIANGLE\DEBUG\ESUTIL.OBJ
D:\TERRY\HUARUI\DEMO\HELLO_TRIANGLE\DEBUG\ESUTIL_WIN32.OBJ
D:\TERRY\HUARUI\DEMO\HELLO_TRIANGLE\DEBUG\HELLO_TRIANGLE.EXE.EMBED.MANIFEST
D:\TERRY\HUARUI\DEMO\HELLO_TRIANGLE\DEBUG\HELLO_TRIANGLE.EXE.EMBED.MANIFEST.RES
D:\TERRY\HUARUI\DEMO\HELLO_TRIANGLE\DEBUG\HELLO_TRIANGLE.EXE.INTERMEDIATE.MANIFEST
D:\TERRY\HUARUI\DEMO\HELLO_TRIANGLE\DEBUG\HELLO_TRIANGLE.OBJ
D:\terry\huarui\demo\Hello_Triangle\Debug\Hello_Triangle.vcxprojResolveAssemblyReference.cache
D:\terry\huarui\demo\Hello_Triangle\Debug\Hello_Triangle.write.1.tlog
D:\terry\huarui\demo\Hello_Triangle\Debug\Hello_Triangle_manifest.rc
D:\terry\huarui\demo\Hello_Triangle\Debug\link.64788.read.1.tlog
D:\terry\huarui\demo\Hello_Triangle\Debug\link.64788.write.1.tlog
D:\terry\huarui\demo\Hello_Triangle\Debug\link.64788-cvtres.read.1.tlog
D:\terry\huarui\demo\Hello_Triangle\Debug\link.64788-cvtres.write.1.tlog
D:\terry\huarui\demo\Hello_Triangle\Debug\link.command.1.tlog
D:\terry\huarui\demo\Hello_Triangle\Debug\link.read.1.tlog
D:\terry\huarui\demo\Hello_Triangle\Debug\link.write.1.tlog
D:\terry\huarui\demo\Hello_Triangle\Debug\link-cvtres.read.1.tlog
D:\terry\huarui\demo\Hello_Triangle\Debug\link-cvtres.write.1.tlog
D:\terry\huarui\demo\Hello_Triangle\Debug\mt.command.1.tlog
D:\terry\huarui\demo\Hello_Triangle\Debug\mt.read.1.tlog
D:\terry\huarui\demo\Hello_Triangle\Debug\mt.write.1.tlog
D:\terry\huarui\demo\Hello_Triangle\Debug\rc.command.1.tlog
D:\terry\huarui\demo\Hello_Triangle\Debug\rc.read.1.tlog
D:\terry\huarui\demo\Hello_Triangle\Debug\rc.write.1.tlog
D:\terry\huarui\demo\Hello_Triangle\Debug\vc100.idb
D:\TERRY\HUARUI\DEMO\HELLO_TRIANGLE\DEBUG\VC100.PDB
D:\TERRY\HUARUI\DEMO\OPENGLES\DEBUG\HELLO_TRIANGLE.EXE
D:\TERRY\HUARUI\DEMO\OPENGLES\DEBUG\HELLO_TRIANGLE.ILK
D:\TERRY\HUARUI\DEMO\OPENGLES\DEBUG\HELLO_TRIANGLE.PDB
